<?xml version="1.0" encoding="UTF-8"?>
<!-- Generated by org.testng.reporters.JUnitReportReporter -->
<testsuite hostname="AMK53S-26" name="Maven.TestNG.AppTest" tests="1" failures="0" timestamp="21 Aug 2015 11:14:23 GMT" time="0.001" errors="0">
  <testcase name="oneMoreTest" time="0.001" classname="Maven.TestNG.AppTest"/>
</testsuite> <!-- Maven.TestNG.AppTest -->
